TN:
SF:src\auth\sql.js
FN:4,saveSession
FN:22,getSession
FN:30,deleteSession
FN:38,createDepartment
FN:56,createPosition
FN:73,getPositionByName
FN:80,getDeparmentByName
FN:87,createUser
FN:124,updateUserImageByEmail
FN:137,updateUser
FN:169,getUserById
FN:176,deleteUser
FN:183,getAllUsers
FN:188,saveLog
FN:198,getAllLogs
FNF:15
FNH:15
FNDA:2,saveSession
FNDA:1,getSession
FNDA:1,deleteSession
FNDA:2,createDepartment
FNDA:2,createPosition
FNDA:3,getPositionByName
FNDA:3,getDeparmentByName
FNDA:2,createUser
FNDA:1,updateUserImageByEmail
FNDA:1,updateUser
FNDA:1,getUserById
FNDA:1,deleteUser
FNDA:1,getAllUsers
FNDA:1,saveLog
FNDA:1,getAllLogs
DA:1,1
DA:2,1
DA:3,1
DA:4,1
DA:5,2
DA:6,2
DA:7,2
DA:8,2
DA:9,2
DA:10,2
DA:11,1
DA:12,1
DA:13,1
DA:14,1
DA:15,1
DA:16,1
DA:17,1
DA:18,1
DA:19,1
DA:20,2
DA:21,1
DA:22,1
DA:23,1
DA:24,1
DA:25,1
DA:26,1
DA:27,1
DA:28,1
DA:29,1
DA:30,1
DA:31,1
DA:32,1
DA:33,1
DA:34,1
DA:35,1
DA:36,1
DA:37,1
DA:38,1
DA:39,2
DA:40,2
DA:41,2
DA:42,2
DA:43,2
DA:44,2
DA:45,1
DA:46,1
DA:47,1
DA:48,1
DA:49,1
DA:50,1
DA:51,1
DA:52,1
DA:53,1
DA:54,2
DA:55,1
DA:56,1
DA:57,2
DA:58,2
DA:59,2
DA:60,2
DA:61,2
DA:62,1
DA:63,1
DA:64,1
DA:65,1
DA:66,1
DA:67,1
DA:68,1
DA:69,1
DA:70,1
DA:71,2
DA:72,1
DA:73,1
DA:74,3
DA:75,3
DA:76,3
DA:77,3
DA:78,3
DA:79,1
DA:80,1
DA:81,3
DA:82,3
DA:83,3
DA:84,3
DA:85,3
DA:86,1
DA:87,1
DA:88,2
DA:89,2
DA:90,2
DA:91,2
DA:92,2
DA:93,2
DA:94,2
DA:95,2
DA:96,0
DA:97,0
DA:98,2
DA:99,2
DA:100,2
DA:101,0
DA:102,0
DA:103,2
DA:104,2
DA:105,2
DA:106,2
DA:107,2
DA:108,2
DA:109,2
DA:110,2
DA:111,1
DA:112,1
DA:113,1
DA:114,1
DA:115,1
DA:116,1
DA:117,1
DA:118,1
DA:119,1
DA:120,1
DA:121,1
DA:122,2
DA:123,1
DA:124,1
DA:125,1
DA:126,1
DA:127,1
DA:128,1
DA:129,1
DA:130,1
DA:131,1
DA:132,1
DA:133,1
DA:134,1
DA:135,1
DA:136,1
DA:137,1
DA:138,1
DA:139,1
DA:140,1
DA:141,1
DA:142,1
DA:143,1
DA:144,1
DA:145,1
DA:146,1
DA:147,1
DA:148,1
DA:149,1
DA:150,1
DA:151,1
DA:152,1
DA:153,1
DA:154,1
DA:155,1
DA:156,1
DA:157,1
DA:158,1
DA:159,1
DA:160,1
DA:161,1
DA:162,1
DA:163,1
DA:164,1
DA:165,1
DA:166,1
DA:167,1
DA:168,1
DA:169,1
DA:170,1
DA:171,1
DA:172,1
DA:173,1
DA:174,1
DA:175,1
DA:176,1
DA:177,1
DA:178,1
DA:179,1
DA:180,1
DA:181,1
DA:182,1
DA:183,1
DA:184,1
DA:185,1
DA:186,1
DA:187,1
DA:188,1
DA:189,1
DA:190,1
DA:191,1
DA:192,1
DA:193,1
DA:194,1
DA:195,1
DA:196,1
DA:197,1
DA:198,1
DA:199,1
DA:200,1
DA:201,1
DA:202,1
DA:203,1
DA:204,1
LF:204
LH:200
BRDA:1,0,0,1
BRDA:4,1,0,2
BRDA:10,2,0,1
BRDA:22,3,0,1
BRDA:30,4,0,1
BRDA:38,5,0,2
BRDA:44,6,0,1
BRDA:56,7,0,2
BRDA:61,8,0,1
BRDA:73,9,0,3
BRDA:80,10,0,3
BRDA:87,11,0,2
BRDA:95,12,0,0
BRDA:100,13,0,0
BRDA:110,14,0,1
BRDA:124,15,0,1
BRDA:137,16,0,1
BRDA:169,17,0,1
BRDA:176,18,0,1
BRDA:183,19,0,1
BRDA:188,20,0,1
BRDA:198,21,0,1
BRF:22
BRH:20
end_of_record
TN:
SF:src\config\db.js
FNF:0
FNH:0
DA:1,1
DA:2,1
DA:3,1
DA:4,1
DA:5,1
DA:6,1
DA:7,1
DA:8,1
DA:9,1
DA:10,1
DA:11,1
DA:12,1
DA:13,1
DA:14,1
DA:15,1
DA:16,1
DA:17,1
LF:17
LH:17
BRDA:1,0,0,1
BRF:1
BRH:1
end_of_record
TN:
SF:src\departments\it\cyber-posture\cyberPostureController.js
FN:1,getCyberPosture
FNF:1
FNH:1
FNDA:1,getCyberPosture
DA:1,1
DA:2,1
DA:3,1
DA:4,1
DA:5,1
DA:6,1
DA:7,1
DA:8,5
DA:9,5
DA:10,1
DA:11,1
DA:12,1
DA:13,1
DA:14,1
DA:15,1
DA:16,1
DA:17,1
DA:18,1
DA:19,0
DA:20,0
DA:21,0
DA:22,0
DA:23,0
DA:24,0
DA:25,0
DA:26,0
DA:27,0
DA:28,1
LF:28
LH:19
BRDA:1,0,0,1
BRDA:1,1,0,1
BRDA:18,2,0,0
BRDA:7,3,0,5
BRF:4
BRH:3
end_of_record
TN:
SF:src\departments\it\server-load-piechart\Server.js
FN:2,Server
FN:8,getServerName
FN:12,setServerName
FN:16,getTotalCapacity
FN:20,setTotalCapacity
FN:24,getFreeSpace
FN:28,setFreeSpace
FNF:7
FNH:7
FNDA:4,Server
FNDA:2,getServerName
FNDA:4,setServerName
FNDA:14,getTotalCapacity
FNDA:4,setTotalCapacity
FNDA:6,getFreeSpace
FNDA:4,setFreeSpace
DA:1,1
DA:2,1
DA:3,4
DA:4,4
DA:5,4
DA:6,4
DA:7,1
DA:8,1
DA:9,2
DA:10,2
DA:11,1
DA:12,1
DA:13,4
DA:14,4
DA:15,1
DA:16,1
DA:17,14
DA:18,14
DA:19,1
DA:20,1
DA:21,4
DA:22,4
DA:23,1
DA:24,1
DA:25,6
DA:26,6
DA:27,1
DA:28,1
DA:29,4
DA:30,4
DA:31,1
DA:32,1
DA:33,1
LF:33
LH:33
BRDA:1,0,0,1
BRDA:2,1,0,4
BRDA:8,2,0,2
BRDA:12,3,0,4
BRDA:16,4,0,14
BRDA:20,5,0,4
BRDA:24,6,0,6
BRDA:28,7,0,4
BRF:8
BRH:8
end_of_record
TN:
SF:src\departments\it\server-load-piechart\ServerController.js
FN:5,ServerController
FN:10,getAllServers
FN:30,#filterServers
FN:42,#getStorageCapacityForAllServers
FN:48,#calUsedStorPercent
FN:52,#calUsedStorDegrees
FN:56,getComputedStorages
FNF:7
FNH:5
FNDA:3,ServerController
FNDA:0,getAllServers
FNDA:2,#filterServers
FNDA:0,#getStorageCapacityForAllServers
FNDA:4,#calUsedStorPercent
FNDA:4,#calUsedStorDegrees
FNDA:2,getComputedStorages
DA:1,1
DA:2,1
DA:3,1
DA:4,1
DA:5,1
DA:6,3
DA:7,3
DA:8,3
DA:9,1
DA:10,1
DA:11,0
DA:12,0
DA:13,0
DA:14,0
DA:15,0
DA:16,0
DA:17,0
DA:18,0
DA:19,0
DA:20,0
DA:21,0
DA:22,0
DA:23,0
DA:24,0
DA:25,0
DA:26,0
DA:27,0
DA:28,0
DA:29,1
DA:30,1
DA:31,2
DA:32,2
DA:33,2
DA:34,4
DA:35,4
DA:36,4
DA:37,4
DA:38,4
DA:39,2
DA:40,2
DA:41,1
DA:42,1
DA:43,0
DA:44,0
DA:45,0
DA:46,0
DA:47,1
DA:48,1
DA:49,4
DA:50,4
DA:51,1
DA:52,1
DA:53,4
DA:54,4
DA:55,1
DA:56,1
DA:57,2
DA:58,2
DA:59,2
DA:60,4
DA:61,4
DA:62,4
DA:63,4
DA:64,4
DA:65,4
DA:66,4
DA:67,4
DA:68,4
DA:69,4
DA:70,4
DA:71,4
DA:72,4
DA:73,4
DA:74,2
DA:75,2
DA:76,1
DA:77,1
DA:78,1
LF:78
LH:56
BRDA:1,0,0,1
BRDA:5,1,0,3
BRDA:30,2,0,2
BRDA:33,3,0,4
BRDA:48,4,0,4
BRDA:52,5,0,4
BRDA:56,6,0,2
BRDA:59,7,0,4
BRF:8
BRH:8
end_of_record
TN:
SF:src\utils\auth-utils\utils.js
FN:7,Utils
FN:9,getSessionId
FN:15,isValidEmail
FN:21,getImagePath
FNF:4
FNH:3
FNDA:0,Utils
FNDA:1,getSessionId
FNDA:5,isValidEmail
FNDA:7,getImagePath
DA:1,2
DA:2,2
DA:3,2
DA:4,2
DA:5,2
DA:6,2
DA:7,2
DA:8,2
DA:9,2
DA:10,1
DA:11,1
DA:12,1
DA:13,1
DA:14,2
DA:15,2
DA:16,5
DA:17,3
DA:18,3
DA:19,5
DA:20,2
DA:21,2
DA:22,7
DA:23,7
DA:24,7
DA:25,7
DA:26,7
DA:27,7
DA:28,7
DA:29,7
DA:30,7
DA:31,7
DA:32,7
DA:33,7
DA:34,7
DA:35,1
DA:36,1
DA:37,1
DA:38,1
DA:39,1
DA:40,6
DA:41,6
DA:42,6
DA:43,6
DA:44,6
DA:45,6
DA:46,6
DA:47,6
DA:48,6
DA:49,6
DA:50,6
DA:51,6
DA:52,6
DA:53,6
DA:54,6
DA:55,4
DA:56,4
DA:57,4
DA:58,4
DA:59,4
DA:60,3
DA:61,3
DA:62,3
DA:63,3
DA:64,4
DA:65,6
DA:66,6
DA:67,7
DA:68,2
DA:69,2
DA:70,2
DA:71,2
DA:72,2
DA:73,2
DA:74,2
DA:75,2
DA:76,7
DA:77,2
DA:78,2
DA:79,2
LF:79
LH:79
BRDA:1,0,0,2
BRDA:9,1,0,1
BRDA:15,2,0,5
BRDA:16,3,0,2
BRDA:17,4,0,3
BRDA:21,5,0,7
BRDA:22,6,0,0
BRDA:34,7,0,1
BRDA:40,8,0,6
BRDA:67,9,0,2
BRDA:54,10,0,4
BRDA:59,11,0,3
BRDA:60,12,0,2
BRDA:61,13,0,1
BRDA:62,14,0,1
BRF:15
BRH:14
end_of_record
